Arguments: 
  /opt/homebrew/Cellar/node/15.9.0/bin/node /opt/homebrew/bin/yarn

PATH: 
  /Users/clearloop/.rvm/gems/ruby-3.0.0/bin:/Users/clearloop/.rvm/gems/ruby-3.0.0@global/bin:/Users/clearloop/.rvm/rubies/ruby-3.0.0/bin:/opt/homebrew/opt/node@14/bin:/opt/homebrew/opt/libpq/bin:/opt/homebrew/opt/krb5/sbin:/opt/homebrew/opt/krb5/bin:/opt/homebrew/opt/llvm/bin:/opt/homebrew/bin:/Users/clearloop/.radicle/bin:/usr/local/share/android-sdk/emulator:/usr/local/share/android-sdk/platform-tools:/usr/local/share/android-sdk/tools/bin:/usr/local/share/android-sdk/tools:/Users/clearloop/.wabt/bin:/Users/clearloop/.wasmer/bin:/Users/clearloop/code/binaryen/bin:/Users/clearloop/Library/go/bin:/Users/clearloop/.config/npm/bin:/usr/local/opt/node@12/bin:/Users/clearloop/.cargo/bin:/usr/local/sbin:/Users/clearloop/.pub-cache/bin:/Users/clearloop/Library/bin:/usr/local/bin:/usr/bin:/bin:/usr/sbin:/sbin:/Library/Apple/usr/bin:/opt/homebrew/opt/node@14/bin:/opt/homebrew/opt/libpq/bin:/opt/homebrew/opt/krb5/sbin:/opt/homebrew/opt/krb5/bin:/opt/homebrew/opt/llvm/bin:/opt/homebrew/bin:/Users/clearloop/.radicle/bin:/usr/local/share/android-sdk/emulator:/usr/local/share/android-sdk/platform-tools:/usr/local/share/android-sdk/tools/bin:/usr/local/share/android-sdk/tools:/Users/clearloop/.wabt/bin:/Users/clearloop/.wasmer/bin:/Users/clearloop/code/binaryen/bin:/Users/clearloop/Library/go/bin:/Users/clearloop/.config/npm/bin:/usr/local/opt/node@12/bin:/Users/clearloop/.cargo/bin:/usr/local/sbin:/Users/clearloop/.pub-cache/bin:/Users/clearloop/Library/bin:/Users/clearloop/.rvm/gems/ruby-3.0.0/bin:/Users/clearloop/.rvm/gems/ruby-3.0.0@global/bin:/Users/clearloop/.rvm/rubies/ruby-3.0.0/bin:/Users/clearloop/Library/flutter/bin:/opt/flutter/bin:/Users/clearloop/.binaryen/bin:/Users/clearloop/.local/wabt/bin:/Users/clearloop/.rvm/bin:/Users/clearloop/Library/flutter/bin:/opt/flutter/bin:/Users/clearloop/.binaryen/bin:/Users/clearloop/.local/wabt/bin

Yarn version: 
  1.22.10

Node version: 
  15.9.0

Platform: 
  darwin arm64

Trace: 
  Error: https://registry.npm.taobao.org/@patract%2fceres-browser: Not found
      at Request.params.callback [as _callback] (/opt/homebrew/lib/node_modules/yarn/lib/cli.js:66988:18)
      at Request.self.callback (/opt/homebrew/lib/node_modules/yarn/lib/cli.js:140662:22)
      at Request.emit (node:events:378:20)
      at Request.<anonymous> (/opt/homebrew/lib/node_modules/yarn/lib/cli.js:141634:10)
      at Request.emit (node:events:378:20)
      at IncomingMessage.<anonymous> (/opt/homebrew/lib/node_modules/yarn/lib/cli.js:141556:12)
      at Object.onceWrapper (node:events:484:28)
      at IncomingMessage.emit (node:events:390:22)
      at endReadableNT (node:internal/streams/readable:1307:12)
      at processTicksAndRejections (node:internal/process/task_queues:81:21)

npm manifest: 
  {
    "name": "@patract/ceres",
    "version": "0.1.0",
    "description": "Run ink! contract anywhere",
    "main": "lib/index.js",
    "repository": "https://github.com/patractlabs/ceres",
    "author": "Patract",
    "license": "MIT",
    "files": [
      "lib/**/*",
      "README",
      "LICENSE_MIT",
      "LICENSE_APACHE"
    ],
    "dependencies": {
      "@patract/ceres-browser": "^0.1.0",
      "@wasm-tool/wasm-pack-plugin": "^1.4.0"
    },
    "devDependencies": {
      "@types/node": "^15.12.4",
      "ts-loader": "^9.2.3",
      "ts-node": "^10.0.0",
      "tslint": "^6.1.3",
      "typescript": "^4.3.4",
      "webpack": "^5.39.1",
      "webpack-cli": "^4.7.2"
    },
    "scripts": {
      "build": "webpack",
      "lint": "tsc --noEmit --strict && tslint --project ./tsconfig.json"
    }
  }

yarn manifest: 
  No manifest

Lockfile: 
  No lockfile
